{
  "RSpec": {
    "coverage": {
      "/Users/student/projects/bookmark_manager/spec/features/add_bookmark_spec.rb": [
        1,
        1,
        1,
        1,
        1,
        1,
        null,
        null
      ],
      "/Users/student/projects/bookmark_manager/spec/features/homepage_spec.rb": [
        1,
        null,
        1,
        1,
        1,
        1,
        1,
        null,
        null
      ],
      "/Users/student/projects/bookmark_manager/spec/units/bookmarks_spec.rb": [
        1,
        null,
        1,
        1,
        1,
        null,
        1,
        1,
        1,
        null,
        1,
        0,
        null,
        0,
        null,
        null
      ]
    },
    "timestamp": 1566978854
  }
}
